Generated at 2017-08-20 12:11:59 -0400
Errno::ENOENT: yum_package[telnet] (@recipe_files::/root/chef-repo/package.rb line 1) had an error: Errno::ENOENT: No such file or directory - apt-cache
/opt/chefdk/embedded/lib/ruby/gems/2.4.0/gems/mixlib-shellout-2.2.7/lib/mixlib/shellout/unix.rb:338:in `exec'
/opt/chefdk/embedded/lib/ruby/gems/2.4.0/gems/mixlib-shellout-2.2.7/lib/mixlib/shellout/unix.rb:338:in `block in fork_subprocess'
/opt/chefdk/embedded/lib/ruby/gems/2.4.0/gems/mixlib-shellout-2.2.7/lib/mixlib/shellout/unix.rb:316:in `fork'
/opt/chefdk/embedded/lib/ruby/gems/2.4.0/gems/mixlib-shellout-2.2.7/lib/mixlib/shellout/unix.rb:316:in `fork_subprocess'
/opt/chefdk/embedded/lib/ruby/gems/2.4.0/gems/mixlib-shellout-2.2.7/lib/mixlib/shellout/unix.rb:93:in `run_command'
/opt/chefdk/embedded/lib/ruby/gems/2.4.0/gems/mixlib-shellout-2.2.7/lib/mixlib/shellout.rb:259:in `run_command'
/opt/chefdk/embedded/lib/ruby/gems/2.4.0/gems/chef-13.2.20/lib/chef/mixin/shell_out.rb:171:in `shell_out_command'
/opt/chefdk/embedded/lib/ruby/gems/2.4.0/gems/chef-13.2.20/lib/chef/mixin/shell_out.rb:114:in `shell_out'
/opt/chefdk/embedded/lib/ruby/gems/2.4.0/gems/chef-13.2.20/lib/chef/mixin/shell_out.rb:119:in `shell_out!'
/opt/chefdk/embedded/lib/ruby/gems/2.4.0/gems/chef-13.2.20/lib/chef/mixin/shell_out.rb:76:in `shell_out_compact!'
/opt/chefdk/embedded/lib/ruby/gems/2.4.0/gems/chef-13.2.20/lib/chef/mixin/shell_out.rb:95:in `shell_out_compact_timeout!'
/opt/chefdk/embedded/lib/ruby/gems/2.4.0/gems/chef-13.2.20/lib/chef/provider/package/apt.rb:134:in `run_noninteractive'
/opt/chefdk/embedded/lib/ruby/gems/2.4.0/gems/chef-13.2.20/lib/chef/provider/package/apt.rb:147:in `resolve_package_versions'
/opt/chefdk/embedded/lib/ruby/gems/2.4.0/gems/chef-13.2.20/lib/chef/provider/package/apt.rb:179:in `package_data_for'
/opt/chefdk/embedded/lib/ruby/gems/2.4.0/gems/chef-13.2.20/lib/chef/provider/package/apt.rb:53:in `block in package_data'
/opt/chefdk/embedded/lib/ruby/gems/2.4.0/gems/chef-13.2.20/lib/chef/provider/package/apt.rb:59:in `block in get_current_versions'
/opt/chefdk/embedded/lib/ruby/gems/2.4.0/gems/chef-13.2.20/lib/chef/provider/package/apt.rb:58:in `map'
/opt/chefdk/embedded/lib/ruby/gems/2.4.0/gems/chef-13.2.20/lib/chef/provider/package/apt.rb:58:in `get_current_versions'
/opt/chefdk/embedded/lib/ruby/gems/2.4.0/gems/chef-13.2.20/lib/chef/provider/package/apt.rb:38:in `load_current_resource'
/opt/chefdk/embedded/lib/ruby/gems/2.4.0/gems/chef-13.2.20/lib/chef/provider.rb:154:in `run_action'
/opt/chefdk/embedded/lib/ruby/gems/2.4.0/gems/chef-13.2.20/lib/chef/resource.rb:591:in `run_action'
/opt/chefdk/embedded/lib/ruby/gems/2.4.0/gems/chef-13.2.20/lib/chef/runner.rb:70:in `run_action'
/opt/chefdk/embedded/lib/ruby/gems/2.4.0/gems/chef-13.2.20/lib/chef/runner.rb:98:in `block (2 levels) in converge'
/opt/chefdk/embedded/lib/ruby/gems/2.4.0/gems/chef-13.2.20/lib/chef/runner.rb:98:in `each'
/opt/chefdk/embedded/lib/ruby/gems/2.4.0/gems/chef-13.2.20/lib/chef/runner.rb:98:in `block in converge'
/opt/chefdk/embedded/lib/ruby/gems/2.4.0/gems/chef-13.2.20/lib/chef/resource_collection/resource_list.rb:94:in `block in execute_each_resource'
/opt/chefdk/embedded/lib/ruby/gems/2.4.0/gems/chef-13.2.20/lib/chef/resource_collection/stepable_iterator.rb:114:in `call_iterator_block'
/opt/chefdk/embedded/lib/ruby/gems/2.4.0/gems/chef-13.2.20/lib/chef/resource_collection/stepable_iterator.rb:85:in `step'
/opt/chefdk/embedded/lib/ruby/gems/2.4.0/gems/chef-13.2.20/lib/chef/resource_collection/stepable_iterator.rb:103:in `iterate'
/opt/chefdk/embedded/lib/ruby/gems/2.4.0/gems/chef-13.2.20/lib/chef/resource_collection/stepable_iterator.rb:55:in `each_with_index'
/opt/chefdk/embedded/lib/ruby/gems/2.4.0/gems/chef-13.2.20/lib/chef/resource_collection/resource_list.rb:92:in `execute_each_resource'
/opt/chefdk/embedded/lib/ruby/gems/2.4.0/gems/chef-13.2.20/lib/chef/runner.rb:97:in `converge'
/opt/chefdk/embedded/lib/ruby/gems/2.4.0/gems/chef-13.2.20/lib/chef/client.rb:715:in `block in converge'
/opt/chefdk/embedded/lib/ruby/gems/2.4.0/gems/chef-13.2.20/lib/chef/client.rb:710:in `catch'
/opt/chefdk/embedded/lib/ruby/gems/2.4.0/gems/chef-13.2.20/lib/chef/client.rb:710:in `converge'
/opt/chefdk/embedded/lib/ruby/gems/2.4.0/gems/chef-13.2.20/lib/chef/client.rb:749:in `converge_and_save'
/opt/chefdk/embedded/lib/ruby/gems/2.4.0/gems/chef-13.2.20/lib/chef/client.rb:286:in `run'
/opt/chefdk/embedded/lib/ruby/gems/2.4.0/gems/chef-13.2.20/lib/chef/application.rb:291:in `block in fork_chef_client'
/opt/chefdk/embedded/lib/ruby/gems/2.4.0/gems/chef-13.2.20/lib/chef/application.rb:279:in `fork'
/opt/chefdk/embedded/lib/ruby/gems/2.4.0/gems/chef-13.2.20/lib/chef/application.rb:279:in `fork_chef_client'
/opt/chefdk/embedded/lib/ruby/gems/2.4.0/gems/chef-13.2.20/lib/chef/application.rb:244:in `block in run_chef_client'
/opt/chefdk/embedded/lib/ruby/gems/2.4.0/gems/chef-13.2.20/lib/chef/local_mode.rb:44:in `with_server_connectivity'
/opt/chefdk/embedded/lib/ruby/gems/2.4.0/gems/chef-13.2.20/lib/chef/application.rb:232:in `run_chef_client'
/opt/chefdk/embedded/lib/ruby/gems/2.4.0/gems/chef-13.2.20/lib/chef/application/client.rb:469:in `sleep_then_run_chef_client'
/opt/chefdk/embedded/lib/ruby/gems/2.4.0/gems/chef-13.2.20/lib/chef/application/client.rb:458:in `block in interval_run_chef_client'
/opt/chefdk/embedded/lib/ruby/gems/2.4.0/gems/chef-13.2.20/lib/chef/application/client.rb:457:in `loop'
/opt/chefdk/embedded/lib/ruby/gems/2.4.0/gems/chef-13.2.20/lib/chef/application/client.rb:457:in `interval_run_chef_client'
/opt/chefdk/embedded/lib/ruby/gems/2.4.0/gems/chef-13.2.20/lib/chef/application/client.rb:441:in `run_application'
/opt/chefdk/embedded/lib/ruby/gems/2.4.0/gems/chef-13.2.20/lib/chef/application.rb:59:in `run'
/opt/chefdk/embedded/lib/ruby/gems/2.4.0/gems/chef-13.2.20/bin/chef-client:26:in `<top (required)>'
/usr/bin/chef-client:263:in `load'
/usr/bin/chef-client:263:in `<main>'